<?xml version="1.0"?>
<coverage lines-covered="0" lines-valid="18" line-rate="0" branches-covered="0" branches-valid="0"
  branch-rate="0" complexity="0" version="1.9" timestamp="1716781484">
  <sources>
    <source>/home/fernandomarca/git/rocketseat/ia/ml/reg_simples</source>
  </sources>
  <packages>
    <package name="src" line-rate="0" branch-rate="0" complexity="0">
      <classes>
        <class name="main" filename="src/main.rs" line-rate="0" branch-rate="0" complexity="0">
          <methods />
          <lines>
            <line number="13" hits="0" />
            <line number="14" hits="0" />
            <line number="19" hits="0" />
            <line number="22" hits="0" />
            <line number="26" hits="0" />
            <line number="29" hits="0" />
            <line number="30" hits="0" />
            <line number="33" hits="0" />
            <line number="61" hits="0" />
            <line number="66" hits="0" />
            <line number="67" hits="0" />
            <line number="68" hits="0" />
            <line number="69" hits="0" />
            <line number="70" hits="0" />
            <line number="73" hits="0" />
            <line number="74" hits="0" />
            <line number="75" hits="0" />
            <line number="76" hits="0" />
          </lines>
        </class>
      </classes>
    </package>
  </packages>
</coverage>